\BOOKMARK [0][-]{section*.2}{\376\377\000H\000a\000l\000a\000m\000a\000n\000\040\000J\000u\000d\000u\000l}{}% 1
\BOOKMARK [0][-]{section*.4}{\376\377\000L\000e\000m\000b\000a\000r\000\040\000P\000e\000n\000g\000e\000s\000a\000h\000a\000n}{}% 2
\BOOKMARK [0][-]{section*.5}{\376\377\000H\000a\000l\000a\000m\000a\000n\000\040\000P\000e\000r\000n\000y\000a\000t\000a\000a\000n\000\040\000O\000r\000i\000s\000i\000n\000a\000l\000i\000t\000a\000s}{}% 3
\BOOKMARK [0][-]{section*.6}{\376\377\000H\000a\000l\000a\000m\000a\000n\000\040\000P\000e\000r\000s\000e\000t\000u\000j\000u\000a\000n\000\040\000P\000u\000b\000l\000i\000k\000a\000s\000i}{}% 4
\BOOKMARK [0][-]{section*.7}{\376\377\000A\000b\000s\000t\000r\000a\000k}{}% 5
\BOOKMARK [0][-]{section*.8}{\376\377\000A\000b\000s\000t\000r\000a\000c\000t}{}% 6
\BOOKMARK [0][-]{section*.9}{\376\377\000M\000o\000t\000t\000o}{}% 7
\BOOKMARK [0][-]{section*.10}{\376\377\000P\000e\000r\000s\000e\000m\000b\000a\000h\000a\000n}{}% 8
\BOOKMARK [0][-]{section*.11}{\376\377\000K\000a\000t\000a\000\040\000P\000e\000n\000g\000a\000n\000t\000a\000r}{}% 9
\BOOKMARK [0][-]{chapter.1}{\376\377\000P\000e\000n\000d\000a\000h\000u\000l\000u\000a\000n}{}% 10
\BOOKMARK [1][-]{section.1.1}{\376\377\000L\000a\000t\000a\000r\000\040\000B\000e\000l\000a\000k\000a\000n\000g}{chapter.1}% 11
\BOOKMARK [1][-]{section.1.2}{\376\377\000T\000u\000j\000u\000a\000n}{chapter.1}% 12
\BOOKMARK [1][-]{section.1.3}{\376\377\000T\000u\000j\000u\000a\000n}{chapter.1}% 13
\BOOKMARK [1][-]{section.1.4}{\376\377\000B\000a\000t\000a\000s\000a\000n\000\040\000M\000a\000s\000a\000l\000a\000h}{chapter.1}% 14
\BOOKMARK [1][-]{section.1.5}{\376\377\000M\000e\000t\000o\000d\000o\000l\000o\000g\000i}{chapter.1}% 15
\BOOKMARK [1][-]{section.1.6}{\376\377\000S\000i\000s\000t\000e\000m\000a\000t\000i\000k\000a\000\040\000P\000e\000m\000b\000a\000h\000a\000s\000a\000n}{chapter.1}% 16
\BOOKMARK [0][-]{chapter.2}{\376\377\000T\000i\000n\000j\000a\000u\000a\000n\000\040\000P\000u\000s\000t\000a\000k\000a}{}% 17
\BOOKMARK [1][-]{section.2.1}{\376\377\000D\000a\000s\000a\000r\000\040\000T\000e\000o\000r\000i}{chapter.2}% 18
\BOOKMARK [2][-]{subsection.2.1.1}{\376\377\000S\000u\000b\000b\000a\000b}{section.2.1}% 19
\BOOKMARK [1][-]{section.2.2}{\376\377\000S\000t\000u\000d\000i\000\040\000T\000e\000r\000k\000a\000i\000t}{chapter.2}% 20
\BOOKMARK [0][-]{chapter.3}{\376\377\000A\000n\000a\000l\000i\000s\000i\000s\000\040\000d\000a\000n\000\040\000P\000e\000r\000a\000n\000c\000a\000n\000g\000a\000n}{}% 21
\BOOKMARK [1][-]{section.3.1}{\376\377\000A\000n\000a\000l\000i\000s\000i\000s\000\040\000M\000a\000s\000a\000l\000a\000h}{chapter.3}% 22
\BOOKMARK [1][-]{section.3.2}{\376\377\000S\000o\000l\000u\000s\000i\000\040\000U\000m\000u\000m}{chapter.3}% 23
\BOOKMARK [1][-]{section.3.3}{\376\377\000R\000a\000n\000c\000a\000n\000g\000a\000n\000\040\000S\000o\000l\000u\000s\000i}{chapter.3}% 24
\BOOKMARK [0][-]{chapter.4}{\376\377\000E\000v\000a\000l\000u\000a\000s\000i\000\040\000d\000a\000n\000\040\000P\000e\000m\000b\000a\000h\000a\000s\000a\000n}{}% 25
\BOOKMARK [1][-]{section.4.1}{\376\377\000T\000u\000j\000u\000a\000n\000\040\000P\000e\000n\000g\000u\000j\000i\000a\000n}{chapter.4}% 26
\BOOKMARK [1][-]{section.4.2}{\376\377\000S\000k\000e\000n\000a\000r\000i\000o\000\040\000P\000e\000n\000g\000u\000j\000i\000a\000n}{chapter.4}% 27
\BOOKMARK [1][-]{section.4.3}{\376\377\000H\000a\000s\000i\000l\000\040\000P\000e\000n\000g\000u\000j\000i\000a\000n}{chapter.4}% 28
\BOOKMARK [1][-]{section.4.4}{\376\377\000P\000e\000m\000b\000a\000h\000a\000s\000a\000n}{chapter.4}% 29
\BOOKMARK [0][-]{chapter.5}{\376\377\000P\000e\000n\000u\000t\000u\000p}{}% 30
\BOOKMARK [1][-]{section.5.1}{\376\377\000K\000e\000s\000i\000m\000p\000u\000l\000a\000n}{chapter.5}% 31
\BOOKMARK [1][-]{section.5.2}{\376\377\000S\000a\000r\000a\000n}{chapter.5}% 32
\BOOKMARK [0][-]{section*.18}{\376\377\000D\000a\000f\000t\000a\000r\000\040\000P\000u\000s\000t\000a\000k\000a}{}% 33
\BOOKMARK [-1][-]{chapter*.19}{\376\377\000L\000a\000m\000p\000i\000r\000a\000n}{}% 34
\BOOKMARK [0][-]{appendix.A}{\376\377\000I\000n\000s\000t\000r\000u\000m\000e\000n\000\040\000P\000e\000n\000g\000u\000j\000i\000a\000n}{chapter*.19}% 35
\BOOKMARK [0][-]{appendix.B}{\376\377\000R\000i\000n\000c\000i\000a\000n\000\040\000K\000a\000s\000u\000s\000\040\000U\000j\000i}{chapter*.19}% 36
